0 info it worked if it ends with ok
1 verbose cli [ '/usr/local/bin/node', '/usr/local/bin/npm', 'start' ]
2 info using npm@3.3.6
3 info using node@v5.0.0
4 verbose run-script [ 'prestart', 'start', 'poststart' ]
5 info lifecycle reportsAPI@1.0.0~prestart: reportsAPI@1.0.0
6 verbose lifecycle reportsAPI@1.0.0~prestart: unsafe-perm in lifecycle true
7 verbose lifecycle reportsAPI@1.0.0~prestart: PATH: /usr/local/lib/node_modules/npm/bin/node-gyp-bin:/Users/user/Desktop/reportsApi/frontend/node_modules/.bin:/usr/local/php5-7.0.15-20170213-103227/bin:/Users/user/Library/Android/sdk/tools:/Users/user/Library/Android/sdk/platform-tools:/usr/local/bin:/usr/bin:/bin:/usr/sbin:/sbin://Users/user/Desktop/spark/spark-installer-master/spark:/Users/user/Desktop/spark/spark-installer-master/:/Users/user/.composer/vendor/bin:/usr/local/php5-7.0.15-20170213-103227/bin:/Users/user/Library/Android/sdk/tools:/Users/user/Library/Android/sdk/platform-tools:/usr/local/bin:/usr/bin:/bin:/usr/sbin:/sbin://Users/user/Desktop/spark/spark-installer-master/spark:/Users/user/Desktop/spark/spark-installer-master/
8 verbose lifecycle reportsAPI@1.0.0~prestart: CWD: /Users/user/Desktop/reportsApi/frontend
9 silly lifecycle reportsAPI@1.0.0~prestart: Args: [ '-c', 'npm run build' ]
10 silly lifecycle reportsAPI@1.0.0~prestart: Returned: code: 1  signal: null
11 info lifecycle reportsAPI@1.0.0~prestart: Failed to exec prestart script
12 verbose stack Error: reportsAPI@1.0.0 prestart: `npm run build`
12 verbose stack Exit status 1
12 verbose stack     at EventEmitter.<anonymous> (/usr/local/lib/node_modules/npm/lib/utils/lifecycle.js:233:16)
12 verbose stack     at emitTwo (events.js:87:13)
12 verbose stack     at EventEmitter.emit (events.js:172:7)
12 verbose stack     at ChildProcess.<anonymous> (/usr/local/lib/node_modules/npm/lib/utils/spawn.js:24:14)
12 verbose stack     at emitTwo (events.js:87:13)
12 verbose stack     at ChildProcess.emit (events.js:172:7)
12 verbose stack     at maybeClose (internal/child_process.js:818:16)
12 verbose stack     at Process.ChildProcess._handle.onexit (internal/child_process.js:211:5)
13 verbose pkgid reportsAPI@1.0.0
14 verbose cwd /Users/user/Desktop/reportsApi/frontend/src
15 error Darwin 15.6.0
16 error argv "/usr/local/bin/node" "/usr/local/bin/npm" "start"
17 error node v5.0.0
18 error npm  v3.3.6
19 error code ELIFECYCLE
20 error reportsAPI@1.0.0 prestart: `npm run build`
20 error Exit status 1
21 error Failed at the reportsAPI@1.0.0 prestart script 'npm run build'.
21 error This is most likely a problem with the reportsAPI package,
21 error not with npm itself.
21 error Tell the author that this fails on your system:
21 error     npm run build
21 error You can get their info via:
21 error     npm owner ls reportsAPI
21 error There is likely additional logging output above.
22 verbose exit [ 1, true ]
